<?xml version="1.0" encoding="UTF-8"?>
<!-- Generated by org.testng.reporters.JUnitReportReporter -->
<testsuite hostname="Gururajs-MacBook-Pro.local" name="com.test.GalenTests" tests="1" failures="0" timestamp="28 Jun 2016 06:18:38 GMT" time="0.001" errors="1">
  <testcase name="testHomePageLayout" time="0.001" classname="com.test.GalenTests">
    <error type="org.openqa.selenium.WebDriverException" message="Failed to connect to binary FirefoxBinary(/Applications/Firefox.app/Contents/MacOS/firefox-bin) on port 7055; process output follows: 
8-4474-a285-3208198ce6fd}&quot;,&quot;syncGUID&quot;:&quot;v-Yxnj0Zrsa0&quot;,&quot;location&quot;:&quot;app-global&quot;,&quot;version&quot;:&quot;47.0&quot;,&quot;type&quot;:&quot;theme&quot;,&quot;internalName&quot;:&quot;classic/1.0&quot;,&quot;updateURL&quot;:null,&quot;updateKey&quot;:null,&quot;optionsURL&quot;:null,&quot;optionsType&quot;:null,&quot;aboutURL&quot;:null,&quot;icons&quot;:{&quot;32&quot;:&quot;icon.png&quot;,&quot;48&quot;:&quot;icon.png&quot;},&quot;iconURL&quot;:null,&quot;icon64URL&quot;:null,&quot;defaultLocale&quot;:{&quot;name&quot;:&quot;Default&quot;,&quot;description&quot;:&quot;The default theme.&quot;,&quot;creator&quot;:&quot;Mozilla&quot;,&quot;homepageURL&quot;:null,&quot;contributors&quot;:[&quot;Mozilla Contributors&quot;]},&quot;visible&quot;:true,&quot;active&quot;:true,&quot;userDisabled&quot;:false,&quot;appDisabled&quot;:false,&quot;descriptor&quot;:&quot;/Applications/Firefox.app/Contents/Resources/browser/extensions/{972ce4c6-7e08-4474-a285-3208198ce6fd}.xpi&quot;,&quot;installDate&quot;:1465910080000,&quot;updateDate&quot;:1465910080000,&quot;applyBackgroundUpdates&quot;:1,&quot;skinnable&quot;:true,&quot;size&quot;:7134,&quot;sourceURI&quot;:null,&quot;releaseNotesURI&quot;:null,&quot;softDisabled&quot;:false,&quot;foreignInstall&quot;:false,&quot;hasBinaryComponents&quot;:false,&quot;strictCompatibility&quot;:true,&quot;locales&quot;:[],&quot;targetApplications&quot;:[{&quot;id&quot;:&quot;{ec8030f7-c20a-464f-9b0e-13a3a9e97384}&quot;,&quot;minVersion&quot;:&quot;47.0&quot;,&quot;maxVersion&quot;:&quot;47.0&quot;}],&quot;targetPlatforms&quot;:[],&quot;seen&quot;:true}
1467094673797	addons.xpi	DEBUG	getModTime: Recursive scan of {972ce4c6-7e08-4474-a285-3208198ce6fd}
1467094673799	DeferredSave.extensions.json	DEBUG	Save changes
1467094673799	addons.xpi	DEBUG	Updating database with changes to installed add-ons
1467094673799	addons.xpi-utils	DEBUG	Updating add-on states
1467094673800	addons.xpi-utils	DEBUG	Writing add-ons list
1467094673801	addons.xpi	DEBUG	Registering manifest for /Applications/Firefox.app/Contents/Resources/browser/features/e10srollout@mozilla.org.xpi
1467094673801	addons.xpi	DEBUG	Calling bootstrap method startup on e10srollout@mozilla.org version 1.0
1467094673802	addons.xpi	DEBUG	Registering manifest for /Applications/Firefox.app/Contents/Resources/browser/features/firefox@getpocket.com.xpi
1467094673802	addons.xpi	DEBUG	Calling bootstrap method startup on firefox@getpocket.com version 1.0.2
1467094673803	addons.xpi	DEBUG	Registering manifest for /Applications/Firefox.app/Contents/Resources/browser/features/loop@mozilla.org.xpi
1467094673804	addons.xpi	DEBUG	Calling bootstrap method startup on loop@mozilla.org version 1.3.2
1467094673821	addons.manager	DEBUG	Registering shutdown blocker for XPIProvider
1467094673822	addons.manager	DEBUG	Provider finished startup: XPIProvider
1467094673822	addons.manager	DEBUG	Starting provider: LightweightThemeManager
1467094673822	addons.manager	DEBUG	Registering shutdown blocker for LightweightThemeManager
1467094673822	addons.manager	DEBUG	Provider finished startup: LightweightThemeManager
1467094673822	addons.manager	DEBUG	Starting provider: GMPProvider
1467094673827	addons.manager	DEBUG	Registering shutdown blocker for GMPProvider
1467094673827	addons.manager	DEBUG	Provider finished startup: GMPProvider
1467094673827	addons.manager	DEBUG	Starting provider: PluginProvider
1467094673828	addons.manager	DEBUG	Registering shutdown blocker for PluginProvider
1467094673828	addons.manager	DEBUG	Provider finished startup: PluginProvider
1467094673828	addons.manager	DEBUG	Completed startup sequence
1467094674520	addons.manager	DEBUG	Starting provider: &lt;unnamed-provider&gt;
1467094674520	addons.manager	DEBUG	Registering shutdown blocker for &lt;unnamed-provider&gt;
1467094674522	addons.manager	DEBUG	Provider finished startup: &lt;unnamed-provider&gt;
1467094674536	DeferredSave.extensions.json	DEBUG	Starting write
1467094674792	addons.repository	DEBUG	No addons.json found.
1467094674793	DeferredSave.addons.json	DEBUG	Save changes
1467094674809	DeferredSave.addons.json	DEBUG	Starting timer
1467094675078	addons.manager	DEBUG	Starting provider: PreviousExperimentProvider
1467094675079	addons.manager	DEBUG	Registering shutdown blocker for PreviousExperimentProvider
1467094675080	addons.manager	DEBUG	Provider finished startup: PreviousExperimentProvider
1467094675088	DeferredSave.extensions.json	DEBUG	Write succeeded
1467094675089	addons.xpi-utils	DEBUG	XPI Database saved, setting schema version preference to 17
1467094675090	DeferredSave.addons.json	DEBUG	Starting write
1467094675238	DeferredSave.addons.json	DEBUG	Write succeeded

Build info: version: &#039;unknown&#039;, revision: &#039;unknown&#039;, time: &#039;unknown&#039;
System info: host: &#039;Gururajs-MacBook-Pro.local&#039;, ip: &#039;192.168.99.1&#039;, os.name: &#039;Mac OS X&#039;, os.arch: &#039;x86_64&#039;, os.version: &#039;10.11.5&#039;, java.version: &#039;1.8.0_71&#039;
Driver info: driver.version: FirefoxDriver">
      <![CDATA[org.openqa.selenium.WebDriverException: Failed to connect to binary FirefoxBinary(/Applications/Firefox.app/Contents/MacOS/firefox-bin) on port 7055; process output follows: 
8-4474-a285-3208198ce6fd}","syncGUID":"v-Yxnj0Zrsa0","location":"app-global","version":"47.0","type":"theme","internalName":"classic/1.0","updateURL":null,"updateKey":null,"optionsURL":null,"optionsType":null,"aboutURL":null,"icons":{"32":"icon.png","48":"icon.png"},"iconURL":null,"icon64URL":null,"defaultLocale":{"name":"Default","description":"The default theme.","creator":"Mozilla","homepageURL":null,"contributors":["Mozilla Contributors"]},"visible":true,"active":true,"userDisabled":false,"appDisabled":false,"descriptor":"/Applications/Firefox.app/Contents/Resources/browser/extensions/{972ce4c6-7e08-4474-a285-3208198ce6fd}.xpi","installDate":1465910080000,"updateDate":1465910080000,"applyBackgroundUpdates":1,"skinnable":true,"size":7134,"sourceURI":null,"releaseNotesURI":null,"softDisabled":false,"foreignInstall":false,"hasBinaryComponents":false,"strictCompatibility":true,"locales":[],"targetApplications":[{"id":"{ec8030f7-c20a-464f-9b0e-13a3a9e97384}","minVersion":"47.0","maxVersion":"47.0"}],"targetPlatforms":[],"seen":true}
1467094673797	addons.xpi	DEBUG	getModTime: Recursive scan of {972ce4c6-7e08-4474-a285-3208198ce6fd}
1467094673799	DeferredSave.extensions.json	DEBUG	Save changes
1467094673799	addons.xpi	DEBUG	Updating database with changes to installed add-ons
1467094673799	addons.xpi-utils	DEBUG	Updating add-on states
1467094673800	addons.xpi-utils	DEBUG	Writing add-ons list
1467094673801	addons.xpi	DEBUG	Registering manifest for /Applications/Firefox.app/Contents/Resources/browser/features/e10srollout@mozilla.org.xpi
1467094673801	addons.xpi	DEBUG	Calling bootstrap method startup on e10srollout@mozilla.org version 1.0
1467094673802	addons.xpi	DEBUG	Registering manifest for /Applications/Firefox.app/Contents/Resources/browser/features/firefox@getpocket.com.xpi
1467094673802	addons.xpi	DEBUG	Calling bootstrap method startup on firefox@getpocket.com version 1.0.2
1467094673803	addons.xpi	DEBUG	Registering manifest for /Applications/Firefox.app/Contents/Resources/browser/features/loop@mozilla.org.xpi
1467094673804	addons.xpi	DEBUG	Calling bootstrap method startup on loop@mozilla.org version 1.3.2
1467094673821	addons.manager	DEBUG	Registering shutdown blocker for XPIProvider
1467094673822	addons.manager	DEBUG	Provider finished startup: XPIProvider
1467094673822	addons.manager	DEBUG	Starting provider: LightweightThemeManager
1467094673822	addons.manager	DEBUG	Registering shutdown blocker for LightweightThemeManager
1467094673822	addons.manager	DEBUG	Provider finished startup: LightweightThemeManager
1467094673822	addons.manager	DEBUG	Starting provider: GMPProvider
1467094673827	addons.manager	DEBUG	Registering shutdown blocker for GMPProvider
1467094673827	addons.manager	DEBUG	Provider finished startup: GMPProvider
1467094673827	addons.manager	DEBUG	Starting provider: PluginProvider
1467094673828	addons.manager	DEBUG	Registering shutdown blocker for PluginProvider
1467094673828	addons.manager	DEBUG	Provider finished startup: PluginProvider
1467094673828	addons.manager	DEBUG	Completed startup sequence
1467094674520	addons.manager	DEBUG	Starting provider: <unnamed-provider>
1467094674520	addons.manager	DEBUG	Registering shutdown blocker for <unnamed-provider>
1467094674522	addons.manager	DEBUG	Provider finished startup: <unnamed-provider>
1467094674536	DeferredSave.extensions.json	DEBUG	Starting write
1467094674792	addons.repository	DEBUG	No addons.json found.
1467094674793	DeferredSave.addons.json	DEBUG	Save changes
1467094674809	DeferredSave.addons.json	DEBUG	Starting timer
1467094675078	addons.manager	DEBUG	Starting provider: PreviousExperimentProvider
1467094675079	addons.manager	DEBUG	Registering shutdown blocker for PreviousExperimentProvider
1467094675080	addons.manager	DEBUG	Provider finished startup: PreviousExperimentProvider
1467094675088	DeferredSave.extensions.json	DEBUG	Write succeeded
1467094675089	addons.xpi-utils	DEBUG	XPI Database saved, setting schema version preference to 17
1467094675090	DeferredSave.addons.json	DEBUG	Starting write
1467094675238	DeferredSave.addons.json	DEBUG	Write succeeded

Build info: version: 'unknown', revision: 'unknown', time: 'unknown'
System info: host: 'Gururajs-MacBook-Pro.local', ip: '192.168.99.1', os.name: 'Mac OS X', os.arch: 'x86_64', os.version: '10.11.5', java.version: '1.8.0_71'
Driver info: driver.version: FirefoxDriver
	at org.openqa.selenium.firefox.internal.NewProfileExtensionConnection.start(NewProfileExtensionConnection.java:125)
	at org.openqa.selenium.firefox.FirefoxDriver.startClient(FirefoxDriver.java:271)
	at org.openqa.selenium.remote.RemoteWebDriver.<init>(RemoteWebDriver.java:119)
	at org.openqa.selenium.firefox.FirefoxDriver.<init>(FirefoxDriver.java:216)
	at org.openqa.selenium.firefox.FirefoxDriver.<init>(FirefoxDriver.java:211)
	at org.openqa.selenium.firefox.FirefoxDriver.<init>(FirefoxDriver.java:207)
	at org.openqa.selenium.firefox.FirefoxDriver.<init>(FirefoxDriver.java:120)
	at com.test.GalenTests.setUp(GalenTests.java:33)
	at sun.reflect.NativeMethodAccessorImpl.invoke0(Native Method)
	at sun.reflect.NativeMethodAccessorImpl.invoke(NativeMethodAccessorImpl.java:62)
	at sun.reflect.DelegatingMethodAccessorImpl.invoke(DelegatingMethodAccessorImpl.java:43)
	at java.lang.reflect.Method.invoke(Method.java:497)
	at org.testng.internal.MethodInvocationHelper.invokeMethod(MethodInvocationHelper.java:86)
	at org.testng.internal.Invoker.invokeConfigurationMethod(Invoker.java:514)
	at org.testng.internal.Invoker.invokeConfigurations(Invoker.java:215)
	at org.testng.internal.Invoker.invokeConfigurations(Invoker.java:142)
	at org.testng.TestRunner.beforeRun(TestRunner.java:656)
	at org.testng.TestRunner.run(TestRunner.java:624)
	at org.testng.SuiteRunner.runTest(SuiteRunner.java:366)
	at org.testng.SuiteRunner.runSequentially(SuiteRunner.java:361)
	at org.testng.SuiteRunner.privateRun(SuiteRunner.java:319)
	at org.testng.SuiteRunner.run(SuiteRunner.java:268)
	at org.testng.SuiteRunnerWorker.runSuite(SuiteRunnerWorker.java:52)
	at org.testng.SuiteRunnerWorker.run(SuiteRunnerWorker.java:86)
	at org.testng.TestNG.runSuitesSequentially(TestNG.java:1244)
	at org.testng.TestNG.runSuitesLocally(TestNG.java:1169)
	at org.testng.TestNG.run(TestNG.java:1064)
	at org.testng.remote.RemoteTestNG.run(RemoteTestNG.java:113)
	at org.testng.remote.RemoteTestNG.initAndRun(RemoteTestNG.java:206)
	at org.testng.remote.RemoteTestNG.main(RemoteTestNG.java:177)
Caused by: org.openqa.selenium.firefox.NotConnectedException: Unable to connect to host 127.0.0.1 on port 7055 after 45000 ms. Firefox console output:
8-4474-a285-3208198ce6fd}","syncGUID":"v-Yxnj0Zrsa0","location":"app-global","version":"47.0","type":"theme","internalName":"classic/1.0","updateURL":null,"updateKey":null,"optionsURL":null,"optionsType":null,"aboutURL":null,"icons":{"32":"icon.png","48":"icon.png"},"iconURL":null,"icon64URL":null,"defaultLocale":{"name":"Default","description":"The default theme.","creator":"Mozilla","homepageURL":null,"contributors":["Mozilla Contributors"]},"visible":true,"active":true,"userDisabled":false,"appDisabled":false,"descriptor":"/Applications/Firefox.app/Contents/Resources/browser/extensions/{972ce4c6-7e08-4474-a285-3208198ce6fd}.xpi","installDate":1465910080000,"updateDate":1465910080000,"applyBackgroundUpdates":1,"skinnable":true,"size":7134,"sourceURI":null,"releaseNotesURI":null,"softDisabled":false,"foreignInstall":false,"hasBinaryComponents":false,"strictCompatibility":true,"locales":[],"targetApplications":[{"id":"{ec8030f7-c20a-464f-9b0e-13a3a9e97384}","minVersion":"47.0","maxVersion":"47.0"}],"targetPlatforms":[],"seen":true}
1467094673797	addons.xpi	DEBUG	getModTime: Recursive scan of {972ce4c6-7e08-4474-a285-3208198ce6fd}
1467094673799	DeferredSave.extensions.json	DEBUG	Save changes
1467094673799	addons.xpi	DEBUG	Updating database with changes to installed add-ons
1467094673799	addons.xpi-utils	DEBUG	Updating add-on states
1467094673800	addons.xpi-utils	DEBUG	Writing add-ons list
1467094673801	addons.xpi	DEBUG	Registering manifest for /Applications/Firefox.app/Contents/Resources/browser/features/e10srollout@mozilla.org.xpi
1467094673801	addons.xpi	DEBUG	Calling bootstrap method startup on e10srollout@mozilla.org version 1.0
1467094673802	addons.xpi	DEBUG	Registering manifest for /Applications/Firefox.app/Contents/Resources/browser/features/firefox@getpocket.com.xpi
1467094673802	addons.xpi	DEBUG	Calling bootstrap method startup on firefox@getpocket.com version 1.0.2
1467094673803	addons.xpi	DEBUG	Registering manifest for /Applications/Firefox.app/Contents/Resources/browser/features/loop@mozilla.org.xpi
1467094673804	addons.xpi	DEBUG	Calling bootstrap method startup on loop@mozilla.org version 1.3.2
1467094673821	addons.manager	DEBUG	Registering shutdown blocker for XPIProvider
1467094673822	addons.manager	DEBUG	Provider finished startup: XPIProvider
1467094673822	addons.manager	DEBUG	Starting provider: LightweightThemeManager
1467094673822	addons.manager	DEBUG	Registering shutdown blocker for LightweightThemeManager
1467094673822	addons.manager	DEBUG	Provider finished startup: LightweightThemeManager
1467094673822	addons.manager	DEBUG	Starting provider: GMPProvider
1467094673827	addons.manager	DEBUG	Registering shutdown blocker for GMPProvider
1467094673827	addons.manager	DEBUG	Provider finished startup: GMPProvider
1467094673827	addons.manager	DEBUG	Starting provider: PluginProvider
1467094673828	addons.manager	DEBUG	Registering shutdown blocker for PluginProvider
1467094673828	addons.manager	DEBUG	Provider finished startup: PluginProvider
1467094673828	addons.manager	DEBUG	Completed startup sequence
1467094674520	addons.manager	DEBUG	Starting provider: <unnamed-provider>
1467094674520	addons.manager	DEBUG	Registering shutdown blocker for <unnamed-provider>
1467094674522	addons.manager	DEBUG	Provider finished startup: <unnamed-provider>
1467094674536	DeferredSave.extensions.json	DEBUG	Starting write
1467094674792	addons.repository	DEBUG	No addons.json found.
1467094674793	DeferredSave.addons.json	DEBUG	Save changes
1467094674809	DeferredSave.addons.json	DEBUG	Starting timer
1467094675078	addons.manager	DEBUG	Starting provider: PreviousExperimentProvider
1467094675079	addons.manager	DEBUG	Registering shutdown blocker for PreviousExperimentProvider
1467094675080	addons.manager	DEBUG	Provider finished startup: PreviousExperimentProvider
1467094675088	DeferredSave.extensions.json	DEBUG	Write succeeded
1467094675089	addons.xpi-utils	DEBUG	XPI Database saved, setting schema version preference to 17
1467094675090	DeferredSave.addons.json	DEBUG	Starting write
1467094675238	DeferredSave.addons.json	DEBUG	Write succeeded

	at org.openqa.selenium.firefox.internal.NewProfileExtensionConnection.start(NewProfileExtensionConnection.java:113)
	... 29 more
]]>
    </error>
  </testcase> <!-- testHomePageLayout -->
</testsuite> <!-- com.test.GalenTests -->
